# JRE version: OpenJDK Runtime Environment Temurin-21.0.6+7 (21.0.6+7) (build 21.0.6+7-LTS)
# Java VM: OpenJDK 64-Bit Server VM Temurin-21.0.6+7 (21.0.6+7-LTS, mixed mode, sharing, tiered, compressed oops, compressed class ptrs, parallel gc, windows-amd64)
GC Precious Log:
 CardTable entry size: 512
 CPUs: 12 total, 12 available
 Memory: 16122M
 Large Page Support: Disabled
 NUMA Support: Disabled
 Compressed Oops: Enabled (32-bit)
 Alignments: Space 512K, Generation 512K, Heap 2M
 Heap Min Capacity: 100M
 Heap Initial Capacity: 100M
 Heap Max Capacity: 1G
 Pre-touch: Disabled
 Parallel Workers: 10
Heap:
 PSYoungGen      total 3072K, used 2803K [0x00000000eab00000, 0x00000000eaf80000, 0x0000000100000000)
  eden space 2048K, 99% used [0x00000000eab00000,0x00000000eacfcdc8,0x00000000ead00000)
  from space 1024K, 75% used [0x00000000ead00000,0x00000000eadc0000,0x00000000eae00000)
  to   space 1024K, 34% used [0x00000000eae80000,0x00000000eaed8000,0x00000000eaf80000)
 ParOldGen       total 432640K, used 432387K [0x00000000c0000000, 0x00000000da680000, 0x00000000eab00000)
  object space 432640K, 99% used [0x00000000c0000000,0x00000000da640d68,0x00000000da680000)
 Metaspace       used 63591K, committed 64960K, reserved 1114112K
  class space    used 6215K, committed 6848K, reserved 1048576K
GC Heap History (20 events):
Event: 17.754 GC heap before
{Heap before GC invocations=535 (full 3):
 PSYoungGen      total 2560K, used 2560K [0x00000000eab00000, 0x00000000eaf00000, 0x0000000100000000)
  eden space 2048K, 100% used [0x00000000eab00000,0x00000000ead00000,0x00000000ead00000)
  from space 512K, 100% used [0x00000000ead80000,0x00000000eae00000,0x00000000eae00000)
  to   space 1024K, 0% used [0x00000000eae00000,0x00000000eae00000,0x00000000eaf00000)
 ParOldGen       total 427008K, used 426878K [0x00000000c0000000, 0x00000000da100000, 0x00000000eab00000)
  object space 427008K, 99% used [0x00000000c0000000,0x00000000da0dfab8,0x00000000da100000)
 Metaspace       used 63438K, committed 64832K, reserved 1114112K
  class space    used 6214K, committed 6848K, reserved 1048576K
}
Event: 17.755 GC heap after
{Heap after GC invocations=535 (full 3):
 PSYoungGen      total 3072K, used 544K [0x00000000eab00000, 0x00000000eaf00000, 0x0000000100000000)
  eden space 2048K, 0% used [0x00000000eab00000,0x00000000eab00000,0x00000000ead00000)
  from space 1024K, 53% used [0x00000000eae00000,0x00000000eae88000,0x00000000eaf00000)
  to   space 1024K, 0% used [0x00000000ead00000,0x00000000ead00000,0x00000000eae00000)
 ParOldGen       total 427520K, used 427235K [0x00000000c0000000, 0x00000000da180000, 0x00000000eab00000)
  object space 427520K, 99% used [0x00000000c0000000,0x00000000da138e10,0x00000000da180000)
 Metaspace       used 63438K, committed 64832K, reserved 1114112K
  class space    used 6214K, committed 6848K, reserved 1048576K
}
Event: 17.763 GC heap before
{Heap before GC invocations=536 (full 3):
 PSYoungGen      total 3072K, used 2592K [0x00000000eab00000, 0x00000000eaf00000, 0x0000000100000000)
  eden space 2048K, 100% used [0x00000000eab00000,0x00000000ead00000,0x00000000ead00000)
  from space 1024K, 53% used [0x00000000eae00000,0x00000000eae88000,0x00000000eaf00000)
  to   space 1024K, 0% used [0x00000000ead00000,0x00000000ead00000,0x00000000eae00000)
 ParOldGen       total 427520K, used 427235K [0x00000000c0000000, 0x00000000da180000, 0x00000000eab00000)
  object space 427520K, 99% used [0x00000000c0000000,0x00000000da138e10,0x00000000da180000)
 Metaspace       used 63443K, committed 64832K, reserved 1114112K
  class space    used 6214K, committed 6848K, reserved 1048576K
}
Event: 17.764 GC heap after
{Heap after GC invocations=536 (full 3):
 PSYoungGen      total 3072K, used 256K [0x00000000eab00000, 0x00000000eae80000, 0x0000000100000000)
  eden space 2048K, 0% used [0x00000000eab00000,0x00000000eab00000,0x00000000ead00000)
  from space 1024K, 25% used [0x00000000ead00000,0x00000000ead40000,0x00000000eae00000)
  to   space 512K, 0% used [0x00000000eae00000,0x00000000eae00000,0x00000000eae80000)
 ParOldGen       total 427520K, used 427508K [0x00000000c0000000, 0x00000000da180000, 0x00000000eab00000)
  object space 427520K, 99% used [0x00000000c0000000,0x00000000da17d178,0x00000000da180000)
 Metaspace       used 63443K, committed 64832K, reserved 1114112K
  class space    used 6214K, committed 6848K, reserved 1048576K
}
Event: 17.797 GC heap before
{Heap before GC invocations=537 (full 3):
 PSYoungGen      total 3072K, used 2303K [0x00000000eab00000, 0x00000000eae80000, 0x0000000100000000)
  eden space 2048K, 99% used [0x00000000eab00000,0x00000000eacffff8,0x00000000ead00000)
  from space 1024K, 25% used [0x00000000ead00000,0x00000000ead40000,0x00000000eae00000)
  to   space 512K, 0% used [0x00000000eae00000,0x00000000eae00000,0x00000000eae80000)
 ParOldGen       total 428032K, used 427556K [0x00000000c0000000, 0x00000000da200000, 0x00000000eab00000)
  object space 428032K, 99% used [0x00000000c0000000,0x00000000da189388,0x00000000da200000)
 Metaspace       used 63469K, committed 64832K, reserved 1114112K
  class space    used 6214K, committed 6848K, reserved 1048576K
}
Event: 17.799 GC heap after
{Heap after GC invocations=537 (full 3):
 PSYoungGen      total 2560K, used 512K [0x00000000eab00000, 0x00000000eaf00000, 0x0000000100000000)
  eden space 2048K, 0% used [0x00000000eab00000,0x00000000eab00000,0x00000000ead00000)
  from space 512K, 100% used [0x00000000eae00000,0x00000000eae80000,0x00000000eae80000)
  to   space 1024K, 0% used [0x00000000ead00000,0x00000000ead00000,0x00000000eae00000)
 ParOldGen       total 428032K, used 427716K [0x00000000c0000000, 0x00000000da200000, 0x00000000eab00000)
  object space 428032K, 99% used [0x00000000c0000000,0x00000000da1b1388,0x00000000da200000)
 Metaspace       used 63469K, committed 64832K, reserved 1114112K
  class space    used 6214K, committed 6848K, reserved 1048576K
}
Event: 17.821 GC heap before
{Heap before GC invocations=538 (full 3):
 PSYoungGen      total 2560K, used 2560K [0x00000000eab00000, 0x00000000eaf00000, 0x0000000100000000)
  eden space 2048K, 100% used [0x00000000eab00000,0x00000000ead00000,0x00000000ead00000)
  from space 512K, 100% used [0x00000000eae00000,0x00000000eae80000,0x00000000eae80000)
  to   space 1024K, 0% used [0x00000000ead00000,0x00000000ead00000,0x00000000eae00000)
 ParOldGen       total 428032K, used 427719K [0x00000000c0000000, 0x00000000da200000, 0x00000000eab00000)
  object space 428032K, 99% used [0x00000000c0000000,0x00000000da1b1c18,0x00000000da200000)
 Metaspace       used 63474K, committed 64896K, reserved 1114112K
  class space    used 6214K, committed 6848K, reserved 1048576K
}
Event: 17.822 GC heap after
{Heap after GC invocations=538 (full 3):
 PSYoungGen      total 3072K, used 509K [0x00000000eab00000, 0x00000000eaf00000, 0x0000000100000000)
  eden space 2048K, 0% used [0x00000000eab00000,0x00000000eab00000,0x00000000ead00000)
  from space 1024K, 49% used [0x00000000ead00000,0x00000000ead7f750,0x00000000eae00000)
  to   space 1024K, 0% used [0x00000000eae00000,0x00000000eae00000,0x00000000eaf00000)
 ParOldGen       total 428544K, used 428087K [0x00000000c0000000, 0x00000000da280000, 0x00000000eab00000)
  object space 428544K, 99% used [0x00000000c0000000,0x00000000da20dc18,0x00000000da280000)
 Metaspace       used 63474K, committed 64896K, reserved 1114112K
  class space    used 6214K, committed 6848K, reserved 1048576K
}
Event: 17.843 GC heap before
{Heap before GC invocations=539 (full 3):
 PSYoungGen      total 3072K, used 2557K [0x00000000eab00000, 0x00000000eaf00000, 0x0000000100000000)
  eden space 2048K, 100% used [0x00000000eab00000,0x00000000ead00000,0x00000000ead00000)
  from space 1024K, 49% used [0x00000000ead00000,0x00000000ead7f750,0x00000000eae00000)
  to   space 1024K, 0% used [0x00000000eae00000,0x00000000eae00000,0x00000000eaf00000)
 ParOldGen       total 428544K, used 428087K [0x00000000c0000000, 0x00000000da280000, 0x00000000eab00000)
  object space 428544K, 99% used [0x00000000c0000000,0x00000000da20dc18,0x00000000da280000)
 Metaspace       used 63484K, committed 64896K, reserved 1114112K
  class space    used 6214K, committed 6848K, reserved 1048576K
}
Event: 17.845 GC heap after
{Heap after GC invocations=539 (full 3):
 PSYoungGen      total 3072K, used 512K [0x00000000eab00000, 0x00000000eaf00000, 0x0000000100000000)
  eden space 2048K, 0% used [0x00000000eab00000,0x00000000eab00000,0x00000000ead00000)
  from space 1024K, 50% used [0x00000000eae00000,0x00000000eae80000,0x00000000eaf00000)
  to   space 1024K, 0% used [0x00000000ead00000,0x00000000ead00000,0x00000000eae00000)
 ParOldGen       total 428544K, used 428323K [0x00000000c0000000, 0x00000000da280000, 0x00000000eab00000)
  object space 428544K, 99% used [0x00000000c0000000,0x00000000da248e20,0x00000000da280000)
 Metaspace       used 63484K, committed 64896K, reserved 1114112K
  class space    used 6214K, committed 6848K, reserved 1048576K
}
Event: 17.857 GC heap before
{Heap before GC invocations=540 (full 3):
 PSYoungGen      total 3072K, used 2560K [0x00000000eab00000, 0x00000000eaf00000, 0x0000000100000000)
  eden space 2048K, 100% used [0x00000000eab00000,0x00000000ead00000,0x00000000ead00000)
  from space 1024K, 50% used [0x00000000eae00000,0x00000000eae80000,0x00000000eaf00000)
  to   space 1024K, 0% used [0x00000000ead00000,0x00000000ead00000,0x00000000eae00000)
 ParOldGen       total 428544K, used 428323K [0x00000000c0000000, 0x00000000da280000, 0x00000000eab00000)
  object space 428544K, 99% used [0x00000000c0000000,0x00000000da248e20,0x00000000da280000)
 Metaspace       used 63489K, committed 64896K, reserved 1114112K
  class space    used 6214K, committed 6848K, reserved 1048576K
}
Event: 17.862 GC heap after
{Heap after GC invocations=540 (full 3):
 PSYoungGen      total 3072K, used 672K [0x00000000eab00000, 0x00000000eaf00000, 0x0000000100000000)
  eden space 2048K, 0% used [0x00000000eab00000,0x00000000eab00000,0x00000000ead00000)
  from space 1024K, 65% used [0x00000000ead00000,0x00000000eada8000,0x00000000eae00000)
  to   space 1024K, 0% used [0x00000000eae00000,0x00000000eae00000,0x00000000eaf00000)
 ParOldGen       total 429056K, used 428699K [0x00000000c0000000, 0x00000000da300000, 0x00000000eab00000)
  object space 429056K, 99% used [0x00000000c0000000,0x00000000da2a6e20,0x00000000da300000)
 Metaspace       used 63489K, committed 64896K, reserved 1114112K
  class space    used 6214K, committed 6848K, reserved 1048576K
}
Event: 17.882 GC heap before
{Heap before GC invocations=541 (full 3):
 PSYoungGen      total 3072K, used 2720K [0x00000000eab00000, 0x00000000eaf00000, 0x0000000100000000)
  eden space 2048K, 100% used [0x00000000eab00000,0x00000000ead00000,0x00000000ead00000)
  from space 1024K, 65% used [0x00000000ead00000,0x00000000eada8000,0x00000000eae00000)
  to   space 1024K, 0% used [0x00000000eae00000,0x00000000eae00000,0x00000000eaf00000)
 ParOldGen       total 429056K, used 428699K [0x00000000c0000000, 0x00000000da300000, 0x00000000eab00000)
  object space 429056K, 99% used [0x00000000c0000000,0x00000000da2a6e20,0x00000000da300000)
 Metaspace       used 63543K, committed 64960K, reserved 1114112K
  class space    used 6215K, committed 6848K, reserved 1048576K
}
Event: 17.885 GC heap after
{Heap after GC invocations=541 (full 3):
 PSYoungGen      total 2560K, used 416K [0x00000000eab00000, 0x00000000eae80000, 0x0000000100000000)
  eden space 2048K, 0% used [0x00000000eab00000,0x00000000eab00000,0x00000000ead00000)
  from space 512K, 81% used [0x00000000eae00000,0x00000000eae68000,0x00000000eae80000)
  to   space 512K, 0% used [0x00000000ead80000,0x00000000ead80000,0x00000000eae00000)
 ParOldGen       total 429568K, used 429203K [0x00000000c0000000, 0x00000000da380000, 0x00000000eab00000)
  object space 429568K, 99% used [0x00000000c0000000,0x00000000da324d18,0x00000000da380000)
 Metaspace       used 63543K, committed 64960K, reserved 1114112K
  class space    used 6215K, committed 6848K, reserved 1048576K
}
Event: 17.908 GC heap before
{Heap before GC invocations=542 (full 3):
 PSYoungGen      total 2560K, used 2464K [0x00000000eab00000, 0x00000000eae80000, 0x0000000100000000)
  eden space 2048K, 100% used [0x00000000eab00000,0x00000000ead00000,0x00000000ead00000)
  from space 512K, 81% used [0x00000000eae00000,0x00000000eae68000,0x00000000eae80000)
  to   space 512K, 0% used [0x00000000ead80000,0x00000000ead80000,0x00000000eae00000)
 ParOldGen       total 429568K, used 429203K [0x00000000c0000000, 0x00000000da380000, 0x00000000eab00000)
  object space 429568K, 99% used [0x00000000c0000000,0x00000000da324d18,0x00000000da380000)
 Metaspace       used 63550K, committed 64960K, reserved 1114112K
  class space    used 6215K, committed 6848K, reserved 1048576K
}
Event: 17.909 GC heap after
{Heap after GC invocations=542 (full 3):
 PSYoungGen      total 2560K, used 512K [0x00000000eab00000, 0x00000000eaf00000, 0x0000000100000000)
  eden space 2048K, 0% used [0x00000000eab00000,0x00000000eab00000,0x00000000ead00000)
  from space 512K, 100% used [0x00000000ead80000,0x00000000eae00000,0x00000000eae00000)
  to   space 1024K, 0% used [0x00000000eae00000,0x00000000eae00000,0x00000000eaf00000)
 ParOldGen       total 429568K, used 429439K [0x00000000c0000000, 0x00000000da380000, 0x00000000eab00000)
  object space 429568K, 99% used [0x00000000c0000000,0x00000000da35fd28,0x00000000da380000)
 Metaspace       used 63550K, committed 64960K, reserved 1114112K
  class space    used 6215K, committed 6848K, reserved 1048576K
}
Event: 17.923 GC heap before
{Heap before GC invocations=543 (full 3):
 PSYoungGen      total 2560K, used 2544K [0x00000000eab00000, 0x00000000eaf00000, 0x0000000100000000)
  eden space 2048K, 99% used [0x00000000eab00000,0x00000000eacfc228,0x00000000ead00000)
  from space 512K, 100% used [0x00000000ead80000,0x00000000eae00000,0x00000000eae00000)
  to   space 1024K, 0% used [0x00000000eae00000,0x00000000eae00000,0x00000000eaf00000)
 ParOldGen       total 429568K, used 429439K [0x00000000c0000000, 0x00000000da380000, 0x00000000eab00000)
  object space 429568K, 99% used [0x00000000c0000000,0x00000000da35fd28,0x00000000da380000)
 Metaspace       used 63550K, committed 64960K, reserved 1114112K
  class space    used 6215K, committed 6848K, reserved 1048576K
}
Event: 17.925 GC heap after
{Heap after GC invocations=543 (full 3):
 PSYoungGen      total 3072K, used 450K [0x00000000eab00000, 0x00000000eaf00000, 0x0000000100000000)
  eden space 2048K, 0% used [0x00000000eab00000,0x00000000eab00000,0x00000000ead00000)
  from space 1024K, 43% used [0x00000000eae00000,0x00000000eae70a10,0x00000000eaf00000)
  to   space 1024K, 0% used [0x00000000ead00000,0x00000000ead00000,0x00000000eae00000)
 ParOldGen       total 430080K, used 429735K [0x00000000c0000000, 0x00000000da400000, 0x00000000eab00000)
  object space 430080K, 99% used [0x00000000c0000000,0x00000000da3a9d28,0x00000000da400000)
 Metaspace       used 63550K, committed 64960K, reserved 1114112K
  class space    used 6215K, committed 6848K, reserved 1048576K
}
Event: 17.941 GC heap before
{Heap before GC invocations=544 (full 3):
 PSYoungGen      total 3072K, used 2498K [0x00000000eab00000, 0x00000000eaf00000, 0x0000000100000000)
  eden space 2048K, 100% used [0x00000000eab00000,0x00000000ead00000,0x00000000ead00000)
  from space 1024K, 43% used [0x00000000eae00000,0x00000000eae70a10,0x00000000eaf00000)
  to   space 1024K, 0% used [0x00000000ead00000,0x00000000ead00000,0x00000000eae00000)
 ParOldGen       total 430080K, used 429735K [0x00000000c0000000, 0x00000000da400000, 0x00000000eab00000)
  object space 430080K, 99% used [0x00000000c0000000,0x00000000da3a9d28,0x00000000da400000)
 Metaspace       used 63554K, committed 64960K, reserved 1114112K
  class space    used 6215K, committed 6848K, reserved 1048576K
}
Event: 17.943 GC heap after
{Heap after GC invocations=544 (full 3):
 PSYoungGen      total 3072K, used 578K [0x00000000eab00000, 0x00000000eaf00000, 0x0000000100000000)
  eden space 2048K, 0% used [0x00000000eab00000,0x00000000eab00000,0x00000000ead00000)
  from space 1024K, 56% used [0x00000000ead00000,0x00000000ead90a28,0x00000000eae00000)
  to   space 1024K, 0% used [0x00000000eae00000,0x00000000eae00000,0x00000000eaf00000)
 ParOldGen       total 430080K, used 429995K [0x00000000c0000000, 0x00000000da400000, 0x00000000eab00000)
  object space 430080K, 99% used [0x00000000c0000000,0x00000000da3ead38,0x00000000da400000)
 Metaspace       used 63554K, committed 64960K, reserved 1114112K
  class space    used 6215K, committed 6848K, reserved 1048576K
}

