# JRE version: OpenJDK Runtime Environment Temurin-21.0.6+7 (21.0.6+7) (build 21.0.6+7-LTS)
# Java VM: OpenJDK 64-Bit Server VM Temurin-21.0.6+7 (21.0.6+7-LTS, mixed mode, sharing, tiered, compressed oops, compressed class ptrs, parallel gc, windows-amd64)
GC Precious Log:
 CardTable entry size: 512
 CPUs: 12 total, 12 available
 Memory: 16122M
 Large Page Support: Disabled
 NUMA Support: Disabled
 Compressed Oops: Enabled (32-bit)
 Alignments: Space 512K, Generation 512K, Heap 2M
 Heap Min Capacity: 100M
 Heap Initial Capacity: 100M
 Heap Max Capacity: 1G
 Pre-touch: Disabled
 Parallel Workers: 10
Heap:
 PSYoungGen      total 11264K, used 8641K [0x00000000eab00000, 0x00000000eb980000, 0x0000000100000000)
  eden space 8704K, 71% used [0x00000000eab00000,0x00000000eb1166f0,0x00000000eb380000)
  from space 2560K, 94% used [0x00000000eb380000,0x00000000eb5d9de0,0x00000000eb600000)
  to   space 3072K, 0% used [0x00000000eb680000,0x00000000eb680000,0x00000000eb980000)
 ParOldGen       total 321024K, used 320990K [0x00000000c0000000, 0x00000000d3980000, 0x00000000eab00000)
  object space 321024K, 99% used [0x00000000c0000000,0x00000000d39778a8,0x00000000d3980000)
 Metaspace       used 54167K, committed 55424K, reserved 1114112K
  class space    used 5663K, committed 6272K, reserved 1048576K
GC Heap History (20 events):
Event: 10.067 GC heap after
{Heap after GC invocations=206 (full 2):
 PSYoungGen      total 5632K, used 1507K [0x00000000eab00000, 0x00000000eb500000, 0x0000000100000000)
  eden space 4096K, 0% used [0x00000000eab00000,0x00000000eab00000,0x00000000eaf00000)
  from space 1536K, 98% used [0x00000000eb180000,0x00000000eb2f8fa0,0x00000000eb300000)
  to   space 2560K, 0% used [0x00000000eaf00000,0x00000000eaf00000,0x00000000eb180000)
 ParOldGen       total 294912K, used 294848K [0x00000000c0000000, 0x00000000d2000000, 0x00000000eab00000)
  object space 294912K, 99% used [0x00000000c0000000,0x00000000d1ff0010,0x00000000d2000000)
 Metaspace       used 53406K, committed 54656K, reserved 1114112K
  class space    used 5592K, committed 6144K, reserved 1048576K
}
Event: 10.069 GC heap before
{Heap before GC invocations=207 (full 2):
 PSYoungGen      total 5632K, used 5603K [0x00000000eab00000, 0x00000000eb500000, 0x0000000100000000)
  eden space 4096K, 100% used [0x00000000eab00000,0x00000000eaf00000,0x00000000eaf00000)
  from space 1536K, 98% used [0x00000000eb180000,0x00000000eb2f8fa0,0x00000000eb300000)
  to   space 2560K, 0% used [0x00000000eaf00000,0x00000000eaf00000,0x00000000eb180000)
 ParOldGen       total 294912K, used 294848K [0x00000000c0000000, 0x00000000d2000000, 0x00000000eab00000)
  object space 294912K, 99% used [0x00000000c0000000,0x00000000d1ff0010,0x00000000d2000000)
 Metaspace       used 53410K, committed 54656K, reserved 1114112K
  class space    used 5592K, committed 6144K, reserved 1048576K
}
Event: 10.070 GC heap after
{Heap after GC invocations=207 (full 2):
 PSYoungGen      total 6656K, used 1813K [0x00000000eab00000, 0x00000000eb400000, 0x0000000100000000)
  eden space 4096K, 0% used [0x00000000eab00000,0x00000000eab00000,0x00000000eaf00000)
  from space 2560K, 70% used [0x00000000eaf00000,0x00000000eb0c5618,0x00000000eb180000)
  to   space 2048K, 0% used [0x00000000eb200000,0x00000000eb200000,0x00000000eb400000)
 ParOldGen       total 295936K, used 295637K [0x00000000c0000000, 0x00000000d2100000, 0x00000000eab00000)
  object space 295936K, 99% used [0x00000000c0000000,0x00000000d20b56b0,0x00000000d2100000)
 Metaspace       used 53410K, committed 54656K, reserved 1114112K
  class space    used 5592K, committed 6144K, reserved 1048576K
}
Event: 10.075 GC heap before
{Heap before GC invocations=208 (full 2):
 PSYoungGen      total 6656K, used 5909K [0x00000000eab00000, 0x00000000eb400000, 0x0000000100000000)
  eden space 4096K, 100% used [0x00000000eab00000,0x00000000eaf00000,0x00000000eaf00000)
  from space 2560K, 70% used [0x00000000eaf00000,0x00000000eb0c5618,0x00000000eb180000)
  to   space 2048K, 0% used [0x00000000eb200000,0x00000000eb200000,0x00000000eb400000)
 ParOldGen       total 295936K, used 295637K [0x00000000c0000000, 0x00000000d2100000, 0x00000000eab00000)
  object space 295936K, 99% used [0x00000000c0000000,0x00000000d20b56b0,0x00000000d2100000)
 Metaspace       used 53418K, committed 54656K, reserved 1114112K
  class space    used 5592K, committed 6144K, reserved 1048576K
}
Event: 10.076 GC heap after
{Heap after GC invocations=208 (full 2):
 PSYoungGen      total 6656K, used 1183K [0x00000000eab00000, 0x00000000eb380000, 0x0000000100000000)
  eden space 5120K, 0% used [0x00000000eab00000,0x00000000eab00000,0x00000000eb000000)
  from space 1536K, 77% used [0x00000000eb200000,0x00000000eb327c98,0x00000000eb380000)
  to   space 1536K, 0% used [0x00000000eb080000,0x00000000eb080000,0x00000000eb200000)
 ParOldGen       total 297472K, used 297463K [0x00000000c0000000, 0x00000000d2280000, 0x00000000eab00000)
  object space 297472K, 99% used [0x00000000c0000000,0x00000000d227dec0,0x00000000d2280000)
 Metaspace       used 53418K, committed 54656K, reserved 1114112K
  class space    used 5592K, committed 6144K, reserved 1048576K
}
Event: 10.081 GC heap before
{Heap before GC invocations=209 (full 2):
 PSYoungGen      total 6656K, used 6303K [0x00000000eab00000, 0x00000000eb380000, 0x0000000100000000)
  eden space 5120K, 100% used [0x00000000eab00000,0x00000000eb000000,0x00000000eb000000)
  from space 1536K, 77% used [0x00000000eb200000,0x00000000eb327c98,0x00000000eb380000)
  to   space 1536K, 0% used [0x00000000eb080000,0x00000000eb080000,0x00000000eb200000)
 ParOldGen       total 297472K, used 297463K [0x00000000c0000000, 0x00000000d2280000, 0x00000000eab00000)
  object space 297472K, 99% used [0x00000000c0000000,0x00000000d227dec0,0x00000000d2280000)
 Metaspace       used 53418K, committed 54656K, reserved 1114112K
  class space    used 5592K, committed 6144K, reserved 1048576K
}
Event: 10.083 GC heap after
{Heap after GC invocations=209 (full 2):
 PSYoungGen      total 7168K, used 1522K [0x00000000eab00000, 0x00000000eb700000, 0x0000000100000000)
  eden space 5632K, 0% used [0x00000000eab00000,0x00000000eab00000,0x00000000eb080000)
  from space 1536K, 99% used [0x00000000eb080000,0x00000000eb1fc9b8,0x00000000eb200000)
  to   space 3072K, 0% used [0x00000000eb400000,0x00000000eb400000,0x00000000eb700000)
 ParOldGen       total 299008K, used 298658K [0x00000000c0000000, 0x00000000d2400000, 0x00000000eab00000)
  object space 299008K, 99% used [0x00000000c0000000,0x00000000d23a89d8,0x00000000d2400000)
 Metaspace       used 53418K, committed 54656K, reserved 1114112K
  class space    used 5592K, committed 6144K, reserved 1048576K
}
Event: 10.088 GC heap before
{Heap before GC invocations=210 (full 2):
 PSYoungGen      total 7168K, used 7154K [0x00000000eab00000, 0x00000000eb700000, 0x0000000100000000)
  eden space 5632K, 100% used [0x00000000eab00000,0x00000000eb080000,0x00000000eb080000)
  from space 1536K, 99% used [0x00000000eb080000,0x00000000eb1fc9b8,0x00000000eb200000)
  to   space 3072K, 0% used [0x00000000eb400000,0x00000000eb400000,0x00000000eb700000)
 ParOldGen       total 299008K, used 298658K [0x00000000c0000000, 0x00000000d2400000, 0x00000000eab00000)
  object space 299008K, 99% used [0x00000000c0000000,0x00000000d23a89d8,0x00000000d2400000)
 Metaspace       used 53418K, committed 54656K, reserved 1114112K
  class space    used 5592K, committed 6144K, reserved 1048576K
}
Event: 10.090 GC heap after
{Heap after GC invocations=210 (full 2):
 PSYoungGen      total 9728K, used 2166K [0x00000000eab00000, 0x00000000eb700000, 0x0000000100000000)
  eden space 6656K, 0% used [0x00000000eab00000,0x00000000eab00000,0x00000000eb180000)
  from space 3072K, 70% used [0x00000000eb400000,0x00000000eb61da28,0x00000000eb700000)
  to   space 2560K, 0% used [0x00000000eb180000,0x00000000eb180000,0x00000000eb400000)
 ParOldGen       total 300032K, used 299819K [0x00000000c0000000, 0x00000000d2500000, 0x00000000eab00000)
  object space 300032K, 99% used [0x00000000c0000000,0x00000000d24cae58,0x00000000d2500000)
 Metaspace       used 53418K, committed 54656K, reserved 1114112K
  class space    used 5592K, committed 6144K, reserved 1048576K
}
Event: 10.096 GC heap before
{Heap before GC invocations=211 (full 2):
 PSYoungGen      total 9728K, used 8815K [0x00000000eab00000, 0x00000000eb700000, 0x0000000100000000)
  eden space 6656K, 99% used [0x00000000eab00000,0x00000000eb17e388,0x00000000eb180000)
  from space 3072K, 70% used [0x00000000eb400000,0x00000000eb61da28,0x00000000eb700000)
  to   space 2560K, 0% used [0x00000000eb180000,0x00000000eb180000,0x00000000eb400000)
 ParOldGen       total 300032K, used 299819K [0x00000000c0000000, 0x00000000d2500000, 0x00000000eab00000)
  object space 300032K, 99% used [0x00000000c0000000,0x00000000d24cae58,0x00000000d2500000)
 Metaspace       used 53426K, committed 54656K, reserved 1114112K
  class space    used 5592K, committed 6144K, reserved 1048576K
}
Event: 10.097 GC heap after
{Heap after GC invocations=211 (full 2):
 PSYoungGen      total 9216K, used 2534K [0x00000000eab00000, 0x00000000ebb00000, 0x0000000100000000)
  eden space 6656K, 0% used [0x00000000eab00000,0x00000000eab00000,0x00000000eb180000)
  from space 2560K, 99% used [0x00000000eb180000,0x00000000eb3f9b38,0x00000000eb400000)
  to   space 4096K, 0% used [0x00000000eb700000,0x00000000eb700000,0x00000000ebb00000)
 ParOldGen       total 301056K, used 301046K [0x00000000c0000000, 0x00000000d2600000, 0x00000000eab00000)
  object space 301056K, 99% used [0x00000000c0000000,0x00000000d25fda50,0x00000000d2600000)
 Metaspace       used 53426K, committed 54656K, reserved 1114112K
  class space    used 5592K, committed 6144K, reserved 1048576K
}
Event: 10.101 GC heap before
{Heap before GC invocations=212 (full 2):
 PSYoungGen      total 9216K, used 9182K [0x00000000eab00000, 0x00000000ebb00000, 0x0000000100000000)
  eden space 6656K, 99% used [0x00000000eab00000,0x00000000eb17dfa8,0x00000000eb180000)
  from space 2560K, 99% used [0x00000000eb180000,0x00000000eb3f9b38,0x00000000eb400000)
  to   space 4096K, 0% used [0x00000000eb700000,0x00000000eb700000,0x00000000ebb00000)
 ParOldGen       total 301056K, used 301046K [0x00000000c0000000, 0x00000000d2600000, 0x00000000eab00000)
  object space 301056K, 99% used [0x00000000c0000000,0x00000000d25fda50,0x00000000d2600000)
 Metaspace       used 53430K, committed 54656K, reserved 1114112K
  class space    used 5592K, committed 6144K, reserved 1048576K
}
Event: 10.103 GC heap after
{Heap after GC invocations=212 (full 2):
 PSYoungGen      total 10752K, used 2389K [0x00000000eab00000, 0x00000000eb980000, 0x0000000100000000)
  eden space 8192K, 0% used [0x00000000eab00000,0x00000000eab00000,0x00000000eb300000)
  from space 2560K, 93% used [0x00000000eb700000,0x00000000eb9555d8,0x00000000eb980000)
  to   space 3072K, 0% used [0x00000000eb380000,0x00000000eb380000,0x00000000eb680000)
 ParOldGen       total 303616K, used 303394K [0x00000000c0000000, 0x00000000d2880000, 0x00000000eab00000)
  object space 303616K, 99% used [0x00000000c0000000,0x00000000d2848948,0x00000000d2880000)
 Metaspace       used 53430K, committed 54656K, reserved 1114112K
  class space    used 5592K, committed 6144K, reserved 1048576K
}
Event: 10.108 GC heap before
{Heap before GC invocations=213 (full 2):
 PSYoungGen      total 10752K, used 10531K [0x00000000eab00000, 0x00000000eb980000, 0x0000000100000000)
  eden space 8192K, 99% used [0x00000000eab00000,0x00000000eb2f38d8,0x00000000eb300000)
  from space 2560K, 93% used [0x00000000eb700000,0x00000000eb9555d8,0x00000000eb980000)
  to   space 3072K, 0% used [0x00000000eb380000,0x00000000eb380000,0x00000000eb680000)
 ParOldGen       total 303616K, used 303394K [0x00000000c0000000, 0x00000000d2880000, 0x00000000eab00000)
  object space 303616K, 99% used [0x00000000c0000000,0x00000000d2848948,0x00000000d2880000)
 Metaspace       used 53432K, committed 54656K, reserved 1114112K
  class space    used 5592K, committed 6144K, reserved 1048576K
}
Event: 10.109 GC heap after
{Heap after GC invocations=213 (full 2):
 PSYoungGen      total 11776K, used 2820K [0x00000000eab00000, 0x00000000ebb00000, 0x0000000100000000)
  eden space 8704K, 0% used [0x00000000eab00000,0x00000000eab00000,0x00000000eb380000)
  from space 3072K, 91% used [0x00000000eb380000,0x00000000eb641198,0x00000000eb680000)
  to   space 3072K, 0% used [0x00000000eb800000,0x00000000eb800000,0x00000000ebb00000)
 ParOldGen       total 305664K, used 305518K [0x00000000c0000000, 0x00000000d2a80000, 0x00000000eab00000)
  object space 305664K, 99% used [0x00000000c0000000,0x00000000d2a5baf0,0x00000000d2a80000)
 Metaspace       used 53432K, committed 54656K, reserved 1114112K
  class space    used 5592K, committed 6144K, reserved 1048576K
}
Event: 10.113 GC heap before
{Heap before GC invocations=214 (full 2):
 PSYoungGen      total 11776K, used 11524K [0x00000000eab00000, 0x00000000ebb00000, 0x0000000100000000)
  eden space 8704K, 100% used [0x00000000eab00000,0x00000000eb380000,0x00000000eb380000)
  from space 3072K, 91% used [0x00000000eb380000,0x00000000eb641198,0x00000000eb680000)
  to   space 3072K, 0% used [0x00000000eb800000,0x00000000eb800000,0x00000000ebb00000)
 ParOldGen       total 305664K, used 305518K [0x00000000c0000000, 0x00000000d2a80000, 0x00000000eab00000)
  object space 305664K, 99% used [0x00000000c0000000,0x00000000d2a5baf0,0x00000000d2a80000)
 Metaspace       used 53432K, committed 54656K, reserved 1114112K
  class space    used 5592K, committed 6144K, reserved 1048576K
}
Event: 10.115 GC heap after
{Heap after GC invocations=214 (full 2):
 PSYoungGen      total 13312K, used 2556K [0x00000000eab00000, 0x00000000ebb80000, 0x0000000100000000)
  eden space 10240K, 0% used [0x00000000eab00000,0x00000000eab00000,0x00000000eb500000)
  from space 3072K, 83% used [0x00000000eb800000,0x00000000eba7f3b0,0x00000000ebb00000)
  to   space 3072K, 0% used [0x00000000eb500000,0x00000000eb500000,0x00000000eb800000)
 ParOldGen       total 307712K, used 307392K [0x00000000c0000000, 0x00000000d2c80000, 0x00000000eab00000)
  object space 307712K, 99% used [0x00000000c0000000,0x00000000d2c302c0,0x00000000d2c80000)
 Metaspace       used 53432K, committed 54656K, reserved 1114112K
  class space    used 5592K, committed 6144K, reserved 1048576K
}
Event: 10.119 GC heap before
{Heap before GC invocations=215 (full 2):
 PSYoungGen      total 13312K, used 12762K [0x00000000eab00000, 0x00000000ebb80000, 0x0000000100000000)
  eden space 10240K, 99% used [0x00000000eab00000,0x00000000eb4f7488,0x00000000eb500000)
  from space 3072K, 83% used [0x00000000eb800000,0x00000000eba7f3b0,0x00000000ebb00000)
  to   space 3072K, 0% used [0x00000000eb500000,0x00000000eb500000,0x00000000eb800000)
 ParOldGen       total 307712K, used 307392K [0x00000000c0000000, 0x00000000d2c80000, 0x00000000eab00000)
  object space 307712K, 99% used [0x00000000c0000000,0x00000000d2c302c0,0x00000000d2c80000)
 Metaspace       used 53433K, committed 54656K, reserved 1114112K
  class space    used 5592K, committed 6144K, reserved 1048576K
}
Event: 10.121 GC heap after
{Heap after GC invocations=215 (full 2):
 PSYoungGen      total 13312K, used 2898K [0x00000000eab00000, 0x00000000ebd00000, 0x0000000100000000)
  eden space 10240K, 0% used [0x00000000eab00000,0x00000000eab00000,0x00000000eb500000)
  from space 3072K, 94% used [0x00000000eb500000,0x00000000eb7d4918,0x00000000eb800000)
  to   space 3072K, 0% used [0x00000000eba00000,0x00000000eba00000,0x00000000ebd00000)
 ParOldGen       total 309760K, used 309378K [0x00000000c0000000, 0x00000000d2e80000, 0x00000000eab00000)
  object space 309760K, 99% used [0x00000000c0000000,0x00000000d2e20908,0x00000000d2e80000)
 Metaspace       used 53433K, committed 54656K, reserved 1114112K
  class space    used 5592K, committed 6144K, reserved 1048576K
}
Event: 11.132 GC heap before
{Heap before GC invocations=216 (full 2):
 PSYoungGen      total 13312K, used 13138K [0x00000000eab00000, 0x00000000ebd00000, 0x0000000100000000)
  eden space 10240K, 100% used [0x00000000eab00000,0x00000000eb500000,0x00000000eb500000)
  from space 3072K, 94% used [0x00000000eb500000,0x00000000eb7d4918,0x00000000eb800000)
  to   space 3072K, 0% used [0x00000000eba00000,0x00000000eba00000,0x00000000ebd00000)
 ParOldGen       total 310272K, used 309802K [0x00000000c0000000, 0x00000000d2f00000, 0x00000000eab00000)
  object space 310272K, 99% used [0x00000000c0000000,0x00000000d2e8ab38,0x00000000d2f00000)
 Metaspace       used 53435K, committed 54656K, reserved 1114112K
  class space    used 5592K, committed 6144K, reserved 1048576K
}

