# JRE version: OpenJDK Runtime Environment Temurin-21.0.6+7 (21.0.6+7) (build 21.0.6+7-LTS)
# Java VM: OpenJDK 64-Bit Server VM Temurin-21.0.6+7 (21.0.6+7-LTS, mixed mode, sharing, tiered, compressed oops, compressed class ptrs, parallel gc, windows-amd64)
GC Precious Log:
 CardTable entry size: 512
 CPUs: 12 total, 12 available
 Memory: 16122M
 Large Page Support: Disabled
 NUMA Support: Disabled
 Compressed Oops: Enabled (32-bit)
 Alignments: Space 512K, Generation 512K, Heap 2M
 Heap Min Capacity: 100M
 Heap Initial Capacity: 100M
 Heap Max Capacity: 1G
 Pre-touch: Disabled
 Parallel Workers: 10
Heap:
 PSYoungGen      total 23040K, used 19836K [0x00000000eab00000, 0x00000000ec600000, 0x0000000100000000)
  eden space 20480K, 85% used [0x00000000eab00000,0x00000000ebc14060,0x00000000ebf00000)
  from space 2560K, 91% used [0x00000000ec380000,0x00000000ec5cb398,0x00000000ec600000)
  to   space 3072K, 0% used [0x00000000ec000000,0x00000000ec000000,0x00000000ec300000)
 ParOldGen       total 68608K, used 40825K [0x00000000c0000000, 0x00000000c4300000, 0x00000000eab00000)
  object space 68608K, 59% used [0x00000000c0000000,0x00000000c27de5e8,0x00000000c4300000)
 Metaspace       used 44766K, committed 45888K, reserved 1114112K
  class space    used 4374K, committed 4864K, reserved 1048576K
GC Heap History (20 events):
Event: 5.813 GC heap before
{Heap before GC invocations=19 (full 1):
 PSYoungGen      total 24064K, used 15146K [0x00000000eab00000, 0x00000000eca00000, 0x0000000100000000)
  eden space 21504K, 58% used [0x00000000eab00000,0x00000000eb74e840,0x00000000ec000000)
  from space 2560K, 99% used [0x00000000ec080000,0x00000000ec2fc010,0x00000000ec300000)
  to   space 5120K, 0% used [0x00000000ec500000,0x00000000ec500000,0x00000000eca00000)
 ParOldGen       total 68608K, used 33541K [0x00000000c0000000, 0x00000000c4300000, 0x00000000eab00000)
  object space 68608K, 48% used [0x00000000c0000000,0x00000000c20c1658,0x00000000c4300000)
 Metaspace       used 34864K, committed 35840K, reserved 1114112K
  class space    used 3448K, committed 3904K, reserved 1048576K
}
Event: 5.815 GC heap after
{Heap after GC invocations=19 (full 1):
 PSYoungGen      total 22528K, used 908K [0x00000000eab00000, 0x00000000ec600000, 0x0000000100000000)
  eden space 21504K, 0% used [0x00000000eab00000,0x00000000eab00000,0x00000000ec000000)
  from space 1024K, 88% used [0x00000000ec500000,0x00000000ec5e3168,0x00000000ec600000)
  to   space 2560K, 0% used [0x00000000ec100000,0x00000000ec100000,0x00000000ec380000)
 ParOldGen       total 68608K, used 35306K [0x00000000c0000000, 0x00000000c4300000, 0x00000000eab00000)
  object space 68608K, 51% used [0x00000000c0000000,0x00000000c227abd8,0x00000000c4300000)
 Metaspace       used 34864K, committed 35840K, reserved 1114112K
  class space    used 3448K, committed 3904K, reserved 1048576K
}
Event: 5.815 GC heap before
{Heap before GC invocations=20 (full 2):
 PSYoungGen      total 22528K, used 908K [0x00000000eab00000, 0x00000000ec600000, 0x0000000100000000)
  eden space 21504K, 0% used [0x00000000eab00000,0x00000000eab00000,0x00000000ec000000)
  from space 1024K, 88% used [0x00000000ec500000,0x00000000ec5e3168,0x00000000ec600000)
  to   space 2560K, 0% used [0x00000000ec100000,0x00000000ec100000,0x00000000ec380000)
 ParOldGen       total 68608K, used 35306K [0x00000000c0000000, 0x00000000c4300000, 0x00000000eab00000)
  object space 68608K, 51% used [0x00000000c0000000,0x00000000c227abd8,0x00000000c4300000)
 Metaspace       used 34864K, committed 35840K, reserved 1114112K
  class space    used 3448K, committed 3904K, reserved 1048576K
}
Event: 5.858 GC heap after
{Heap after GC invocations=20 (full 2):
 PSYoungGen      total 22528K, used 0K [0x00000000eab00000, 0x00000000ec600000, 0x0000000100000000)
  eden space 21504K, 0% used [0x00000000eab00000,0x00000000eab00000,0x00000000ec000000)
  from space 1024K, 0% used [0x00000000ec500000,0x00000000ec500000,0x00000000ec600000)
  to   space 2560K, 0% used [0x00000000ec100000,0x00000000ec100000,0x00000000ec380000)
 ParOldGen       total 68608K, used 33400K [0x00000000c0000000, 0x00000000c4300000, 0x00000000eab00000)
  object space 68608K, 48% used [0x00000000c0000000,0x00000000c209e0e0,0x00000000c4300000)
 Metaspace       used 34629K, committed 35840K, reserved 1114112K
  class space    used 3383K, committed 3904K, reserved 1048576K
}
Event: 5.984 GC heap before
{Heap before GC invocations=21 (full 2):
 PSYoungGen      total 22528K, used 21504K [0x00000000eab00000, 0x00000000ec600000, 0x0000000100000000)
  eden space 21504K, 100% used [0x00000000eab00000,0x00000000ec000000,0x00000000ec000000)
  from space 1024K, 0% used [0x00000000ec500000,0x00000000ec500000,0x00000000ec600000)
  to   space 2560K, 0% used [0x00000000ec100000,0x00000000ec100000,0x00000000ec380000)
 ParOldGen       total 68608K, used 33400K [0x00000000c0000000, 0x00000000c4300000, 0x00000000eab00000)
  object space 68608K, 48% used [0x00000000c0000000,0x00000000c209e0e0,0x00000000c4300000)
 Metaspace       used 34896K, committed 35968K, reserved 1114112K
  class space    used 3403K, committed 3904K, reserved 1048576K
}
Event: 5.985 GC heap after
{Heap after GC invocations=21 (full 2):
 PSYoungGen      total 24064K, used 1453K [0x00000000eab00000, 0x00000000ec580000, 0x0000000100000000)
  eden space 21504K, 0% used [0x00000000eab00000,0x00000000eab00000,0x00000000ec000000)
  from space 2560K, 56% used [0x00000000ec100000,0x00000000ec26b540,0x00000000ec380000)
  to   space 2048K, 0% used [0x00000000ec380000,0x00000000ec380000,0x00000000ec580000)
 ParOldGen       total 68608K, used 33400K [0x00000000c0000000, 0x00000000c4300000, 0x00000000eab00000)
  object space 68608K, 48% used [0x00000000c0000000,0x00000000c209e0e0,0x00000000c4300000)
 Metaspace       used 34896K, committed 35968K, reserved 1114112K
  class space    used 3403K, committed 3904K, reserved 1048576K
}
Event: 6.333 GC heap before
{Heap before GC invocations=22 (full 2):
 PSYoungGen      total 24064K, used 22957K [0x00000000eab00000, 0x00000000ec580000, 0x0000000100000000)
  eden space 21504K, 100% used [0x00000000eab00000,0x00000000ec000000,0x00000000ec000000)
  from space 2560K, 56% used [0x00000000ec100000,0x00000000ec26b540,0x00000000ec380000)
  to   space 2048K, 0% used [0x00000000ec380000,0x00000000ec380000,0x00000000ec580000)
 ParOldGen       total 68608K, used 33400K [0x00000000c0000000, 0x00000000c4300000, 0x00000000eab00000)
  object space 68608K, 48% used [0x00000000c0000000,0x00000000c209e0e0,0x00000000c4300000)
 Metaspace       used 36152K, committed 36992K, reserved 1114112K
  class space    used 3522K, committed 3904K, reserved 1048576K
}
Event: 6.336 GC heap after
{Heap after GC invocations=22 (full 2):
 PSYoungGen      total 22016K, used 448K [0x00000000eab00000, 0x00000000ec400000, 0x0000000100000000)
  eden space 21504K, 0% used [0x00000000eab00000,0x00000000eab00000,0x00000000ec000000)
  from space 512K, 87% used [0x00000000ec380000,0x00000000ec3f0000,0x00000000ec400000)
  to   space 1024K, 0% used [0x00000000ec200000,0x00000000ec200000,0x00000000ec300000)
 ParOldGen       total 68608K, used 33488K [0x00000000c0000000, 0x00000000c4300000, 0x00000000eab00000)
  object space 68608K, 48% used [0x00000000c0000000,0x00000000c20b40e0,0x00000000c4300000)
 Metaspace       used 36152K, committed 36992K, reserved 1114112K
  class space    used 3522K, committed 3904K, reserved 1048576K
}
Event: 7.192 GC heap before
{Heap before GC invocations=23 (full 2):
 PSYoungGen      total 22016K, used 21952K [0x00000000eab00000, 0x00000000ec400000, 0x0000000100000000)
  eden space 21504K, 100% used [0x00000000eab00000,0x00000000ec000000,0x00000000ec000000)
  from space 512K, 87% used [0x00000000ec380000,0x00000000ec3f0000,0x00000000ec400000)
  to   space 1024K, 0% used [0x00000000ec200000,0x00000000ec200000,0x00000000ec300000)
 ParOldGen       total 68608K, used 33488K [0x00000000c0000000, 0x00000000c4300000, 0x00000000eab00000)
  object space 68608K, 48% used [0x00000000c0000000,0x00000000c20b40e0,0x00000000c4300000)
 Metaspace       used 37026K, committed 37888K, reserved 1114112K
  class space    used 3632K, committed 4032K, reserved 1048576K
}
Event: 7.193 GC heap after
{Heap after GC invocations=23 (full 2):
 PSYoungGen      total 22528K, used 448K [0x00000000eab00000, 0x00000000ec400000, 0x0000000100000000)
  eden space 21504K, 0% used [0x00000000eab00000,0x00000000eab00000,0x00000000ec000000)
  from space 1024K, 43% used [0x00000000ec200000,0x00000000ec270010,0x00000000ec300000)
  to   space 1024K, 0% used [0x00000000ec300000,0x00000000ec300000,0x00000000ec400000)
 ParOldGen       total 68608K, used 33728K [0x00000000c0000000, 0x00000000c4300000, 0x00000000eab00000)
  object space 68608K, 49% used [0x00000000c0000000,0x00000000c20f00e0,0x00000000c4300000)
 Metaspace       used 37026K, committed 37888K, reserved 1114112K
  class space    used 3632K, committed 4032K, reserved 1048576K
}
Event: 7.871 GC heap before
{Heap before GC invocations=24 (full 2):
 PSYoungGen      total 22528K, used 21951K [0x00000000eab00000, 0x00000000ec400000, 0x0000000100000000)
  eden space 21504K, 99% used [0x00000000eab00000,0x00000000ebfffee0,0x00000000ec000000)
  from space 1024K, 43% used [0x00000000ec200000,0x00000000ec270010,0x00000000ec300000)
  to   space 1024K, 0% used [0x00000000ec300000,0x00000000ec300000,0x00000000ec400000)
 ParOldGen       total 68608K, used 33893K [0x00000000c0000000, 0x00000000c4300000, 0x00000000eab00000)
  object space 68608K, 49% used [0x00000000c0000000,0x00000000c2119410,0x00000000c4300000)
 Metaspace       used 38614K, committed 39552K, reserved 1114112K
  class space    used 3802K, committed 4224K, reserved 1048576K
}
Event: 7.873 GC heap after
{Heap after GC invocations=24 (full 2):
 PSYoungGen      total 21504K, used 1012K [0x00000000eab00000, 0x00000000ec800000, 0x0000000100000000)
  eden space 20480K, 0% used [0x00000000eab00000,0x00000000eab00000,0x00000000ebf00000)
  from space 1024K, 98% used [0x00000000ec300000,0x00000000ec3fd340,0x00000000ec400000)
  to   space 4096K, 0% used [0x00000000ebf00000,0x00000000ebf00000,0x00000000ec300000)
 ParOldGen       total 68608K, used 36045K [0x00000000c0000000, 0x00000000c4300000, 0x00000000eab00000)
  object space 68608K, 52% used [0x00000000c0000000,0x00000000c23334e0,0x00000000c4300000)
 Metaspace       used 38614K, committed 39552K, reserved 1114112K
  class space    used 3802K, committed 4224K, reserved 1048576K
}
Event: 8.301 GC heap before
{Heap before GC invocations=25 (full 2):
 PSYoungGen      total 21504K, used 21492K [0x00000000eab00000, 0x00000000ec800000, 0x0000000100000000)
  eden space 20480K, 100% used [0x00000000eab00000,0x00000000ebf00000,0x00000000ebf00000)
  from space 1024K, 98% used [0x00000000ec300000,0x00000000ec3fd340,0x00000000ec400000)
  to   space 4096K, 0% used [0x00000000ebf00000,0x00000000ebf00000,0x00000000ec300000)
 ParOldGen       total 68608K, used 36047K [0x00000000c0000000, 0x00000000c4300000, 0x00000000eab00000)
  object space 68608K, 52% used [0x00000000c0000000,0x00000000c2333d50,0x00000000c4300000)
 Metaspace       used 39571K, committed 40576K, reserved 1114112K
  class space    used 3892K, committed 4352K, reserved 1048576K
}
Event: 8.303 GC heap after
{Heap after GC invocations=25 (full 2):
 PSYoungGen      total 20992K, used 446K [0x00000000eab00000, 0x00000000ec380000, 0x0000000100000000)
  eden space 20480K, 0% used [0x00000000eab00000,0x00000000eab00000,0x00000000ebf00000)
  from space 512K, 87% used [0x00000000ebf00000,0x00000000ebf6f830,0x00000000ebf80000)
  to   space 1536K, 0% used [0x00000000ec200000,0x00000000ec200000,0x00000000ec380000)
 ParOldGen       total 68608K, used 36895K [0x00000000c0000000, 0x00000000c4300000, 0x00000000eab00000)
  object space 68608K, 53% used [0x00000000c0000000,0x00000000c2407d60,0x00000000c4300000)
 Metaspace       used 39571K, committed 40576K, reserved 1114112K
  class space    used 3892K, committed 4352K, reserved 1048576K
}
Event: 9.119 GC heap before
{Heap before GC invocations=26 (full 2):
 PSYoungGen      total 20992K, used 20926K [0x00000000eab00000, 0x00000000ec380000, 0x0000000100000000)
  eden space 20480K, 100% used [0x00000000eab00000,0x00000000ebf00000,0x00000000ebf00000)
  from space 512K, 87% used [0x00000000ebf00000,0x00000000ebf6f830,0x00000000ebf80000)
  to   space 1536K, 0% used [0x00000000ec200000,0x00000000ec200000,0x00000000ec380000)
 ParOldGen       total 68608K, used 36895K [0x00000000c0000000, 0x00000000c4300000, 0x00000000eab00000)
  object space 68608K, 53% used [0x00000000c0000000,0x00000000c2407d60,0x00000000c4300000)
 Metaspace       used 41216K, committed 42240K, reserved 1114112K
  class space    used 4041K, committed 4544K, reserved 1048576K
}
Event: 9.122 GC heap after
{Heap after GC invocations=26 (full 2):
 PSYoungGen      total 22016K, used 1471K [0x00000000eab00000, 0x00000000ec380000, 0x0000000100000000)
  eden space 20480K, 0% used [0x00000000eab00000,0x00000000eab00000,0x00000000ebf00000)
  from space 1536K, 95% used [0x00000000ec200000,0x00000000ec36fc38,0x00000000ec380000)
  to   space 2048K, 0% used [0x00000000ebf80000,0x00000000ebf80000,0x00000000ec180000)
 ParOldGen       total 68608K, used 37142K [0x00000000c0000000, 0x00000000c4300000, 0x00000000eab00000)
  object space 68608K, 54% used [0x00000000c0000000,0x00000000c2445978,0x00000000c4300000)
 Metaspace       used 41216K, committed 42240K, reserved 1114112K
  class space    used 4041K, committed 4544K, reserved 1048576K
}
Event: 9.570 GC heap before
{Heap before GC invocations=27 (full 2):
 PSYoungGen      total 22016K, used 21951K [0x00000000eab00000, 0x00000000ec380000, 0x0000000100000000)
  eden space 20480K, 100% used [0x00000000eab00000,0x00000000ebf00000,0x00000000ebf00000)
  from space 1536K, 95% used [0x00000000ec200000,0x00000000ec36fc38,0x00000000ec380000)
  to   space 2048K, 0% used [0x00000000ebf80000,0x00000000ebf80000,0x00000000ec180000)
 ParOldGen       total 68608K, used 37142K [0x00000000c0000000, 0x00000000c4300000, 0x00000000eab00000)
  object space 68608K, 54% used [0x00000000c0000000,0x00000000c2445978,0x00000000c4300000)
 Metaspace       used 42326K, committed 43328K, reserved 1114112K
  class space    used 4140K, committed 4608K, reserved 1048576K
}
Event: 9.573 GC heap after
{Heap after GC invocations=27 (full 2):
 PSYoungGen      total 22528K, used 2037K [0x00000000eab00000, 0x00000000ec800000, 0x0000000100000000)
  eden space 20480K, 0% used [0x00000000eab00000,0x00000000eab00000,0x00000000ebf00000)
  from space 2048K, 99% used [0x00000000ebf80000,0x00000000ec17d668,0x00000000ec180000)
  to   space 4608K, 0% used [0x00000000ec380000,0x00000000ec380000,0x00000000ec800000)
 ParOldGen       total 68608K, used 38789K [0x00000000c0000000, 0x00000000c4300000, 0x00000000eab00000)
  object space 68608K, 56% used [0x00000000c0000000,0x00000000c25e15a0,0x00000000c4300000)
 Metaspace       used 42326K, committed 43328K, reserved 1114112K
  class space    used 4140K, committed 4608K, reserved 1048576K
}
Event: 11.318 GC heap before
{Heap before GC invocations=28 (full 2):
 PSYoungGen      total 22528K, used 22491K [0x00000000eab00000, 0x00000000ec800000, 0x0000000100000000)
  eden space 20480K, 99% used [0x00000000eab00000,0x00000000ebef9860,0x00000000ebf00000)
  from space 2048K, 99% used [0x00000000ebf80000,0x00000000ec17d668,0x00000000ec180000)
  to   space 4608K, 0% used [0x00000000ec380000,0x00000000ec380000,0x00000000ec800000)
 ParOldGen       total 68608K, used 38789K [0x00000000c0000000, 0x00000000c4300000, 0x00000000eab00000)
  object space 68608K, 56% used [0x00000000c0000000,0x00000000c25e15a0,0x00000000c4300000)
 Metaspace       used 44117K, committed 45248K, reserved 1114112K
  class space    used 4294K, committed 4800K, reserved 1048576K
}
Event: 11.322 GC heap after
{Heap after GC invocations=28 (full 2):
 PSYoungGen      total 23040K, used 2348K [0x00000000eab00000, 0x00000000ec600000, 0x0000000100000000)
  eden space 20480K, 0% used [0x00000000eab00000,0x00000000eab00000,0x00000000ebf00000)
  from space 2560K, 91% used [0x00000000ec380000,0x00000000ec5cb398,0x00000000ec600000)
  to   space 3072K, 0% used [0x00000000ec000000,0x00000000ec000000,0x00000000ec300000)
 ParOldGen       total 68608K, used 40825K [0x00000000c0000000, 0x00000000c4300000, 0x00000000eab00000)
  object space 68608K, 59% used [0x00000000c0000000,0x00000000c27de5e8,0x00000000c4300000)
 Metaspace       used 44117K, committed 45248K, reserved 1114112K
  class space    used 4294K, committed 4800K, reserved 1048576K
}

