# JRE version: OpenJDK Runtime Environment Temurin-21.0.6+7 (21.0.6+7) (build 21.0.6+7-LTS)
# Java VM: OpenJDK 64-Bit Server VM Temurin-21.0.6+7 (21.0.6+7-LTS, mixed mode, sharing, tiered, compressed oops, compressed class ptrs, parallel gc, windows-amd64)
GC Precious Log:
 CardTable entry size: 512
 CPUs: 12 total, 12 available
 Memory: 16122M
 Large Page Support: Disabled
 NUMA Support: Disabled
 Compressed Oops: Enabled (32-bit)
 Alignments: Space 512K, Generation 512K, Heap 2M
 Heap Min Capacity: 100M
 Heap Initial Capacity: 100M
 Heap Max Capacity: 1G
 Pre-touch: Disabled
 Parallel Workers: 10
Heap:
 PSYoungGen      total 5120K, used 4637K [0x00000000eab00000, 0x00000000eb280000, 0x0000000100000000)
  eden space 3584K, 100% used [0x00000000eab00000,0x00000000eae80000,0x00000000eae80000)
  from space 1536K, 68% used [0x00000000eae80000,0x00000000eaf87590,0x00000000eb000000)
  to   space 1536K, 34% used [0x00000000eb100000,0x00000000eb1854f0,0x00000000eb280000)
 ParOldGen       total 184320K, used 184312K [0x00000000c0000000, 0x00000000cb400000, 0x00000000eab00000)
  object space 184320K, 99% used [0x00000000c0000000,0x00000000cb3fe020,0x00000000cb400000)
 Metaspace       used 56529K, committed 57856K, reserved 1114112K
  class space    used 5854K, committed 6400K, reserved 1048576K
GC Heap History (20 events):
Event: 12.669 GC heap after
{Heap after GC invocations=108 (full 2):
 PSYoungGen      total 4608K, used 934K [0x00000000eab00000, 0x00000000eb180000, 0x0000000100000000)
  eden space 3584K, 0% used [0x00000000eab00000,0x00000000eab00000,0x00000000eae80000)
  from space 1024K, 91% used [0x00000000eb080000,0x00000000eb169878,0x00000000eb180000)
  to   space 1024K, 0% used [0x00000000eaf80000,0x00000000eaf80000,0x00000000eb080000)
 ParOldGen       total 176640K, used 176335K [0x00000000c0000000, 0x00000000cac80000, 0x00000000eab00000)
  object space 176640K, 99% used [0x00000000c0000000,0x00000000cac33e70,0x00000000cac80000)
 Metaspace       used 56431K, committed 57664K, reserved 1114112K
  class space    used 5851K, committed 6400K, reserved 1048576K
}
Event: 12.676 GC heap before
{Heap before GC invocations=109 (full 2):
 PSYoungGen      total 4608K, used 4518K [0x00000000eab00000, 0x00000000eb180000, 0x0000000100000000)
  eden space 3584K, 100% used [0x00000000eab00000,0x00000000eae80000,0x00000000eae80000)
  from space 1024K, 91% used [0x00000000eb080000,0x00000000eb169878,0x00000000eb180000)
  to   space 1024K, 0% used [0x00000000eaf80000,0x00000000eaf80000,0x00000000eb080000)
 ParOldGen       total 176640K, used 176335K [0x00000000c0000000, 0x00000000cac80000, 0x00000000eab00000)
  object space 176640K, 99% used [0x00000000c0000000,0x00000000cac33f08,0x00000000cac80000)
 Metaspace       used 56447K, committed 57728K, reserved 1114112K
  class space    used 5851K, committed 6400K, reserved 1048576K
}
Event: 12.678 GC heap after
{Heap after GC invocations=109 (full 2):
 PSYoungGen      total 4608K, used 963K [0x00000000eab00000, 0x00000000eb100000, 0x0000000100000000)
  eden space 3584K, 0% used [0x00000000eab00000,0x00000000eab00000,0x00000000eae80000)
  from space 1024K, 94% used [0x00000000eaf80000,0x00000000eb070eb8,0x00000000eb080000)
  to   space 512K, 0% used [0x00000000eb080000,0x00000000eb080000,0x00000000eb100000)
 ParOldGen       total 177152K, used 177117K [0x00000000c0000000, 0x00000000cad00000, 0x00000000eab00000)
  object space 177152K, 99% used [0x00000000c0000000,0x00000000cacf74b0,0x00000000cad00000)
 Metaspace       used 56447K, committed 57728K, reserved 1114112K
  class space    used 5851K, committed 6400K, reserved 1048576K
}
Event: 12.686 GC heap before
{Heap before GC invocations=110 (full 2):
 PSYoungGen      total 4608K, used 4547K [0x00000000eab00000, 0x00000000eb100000, 0x0000000100000000)
  eden space 3584K, 100% used [0x00000000eab00000,0x00000000eae80000,0x00000000eae80000)
  from space 1024K, 94% used [0x00000000eaf80000,0x00000000eb070eb8,0x00000000eb080000)
  to   space 512K, 0% used [0x00000000eb080000,0x00000000eb080000,0x00000000eb100000)
 ParOldGen       total 177152K, used 177120K [0x00000000c0000000, 0x00000000cad00000, 0x00000000eab00000)
  object space 177152K, 99% used [0x00000000c0000000,0x00000000cacf83e0,0x00000000cad00000)
 Metaspace       used 56447K, committed 57728K, reserved 1114112K
  class space    used 5851K, committed 6400K, reserved 1048576K
}
Event: 12.687 GC heap after
{Heap after GC invocations=110 (full 2):
 PSYoungGen      total 4096K, used 512K [0x00000000eab00000, 0x00000000eb280000, 0x0000000100000000)
  eden space 3584K, 0% used [0x00000000eab00000,0x00000000eab00000,0x00000000eae80000)
  from space 512K, 100% used [0x00000000eb080000,0x00000000eb100000,0x00000000eb100000)
  to   space 2048K, 0% used [0x00000000eae80000,0x00000000eae80000,0x00000000eb080000)
 ParOldGen       total 178176K, used 178169K [0x00000000c0000000, 0x00000000cae00000, 0x00000000eab00000)
  object space 178176K, 99% used [0x00000000c0000000,0x00000000cadfe670,0x00000000cae00000)
 Metaspace       used 56447K, committed 57728K, reserved 1114112K
  class space    used 5851K, committed 6400K, reserved 1048576K
}
Event: 12.696 GC heap before
{Heap before GC invocations=111 (full 2):
 PSYoungGen      total 4096K, used 4096K [0x00000000eab00000, 0x00000000eb280000, 0x0000000100000000)
  eden space 3584K, 100% used [0x00000000eab00000,0x00000000eae80000,0x00000000eae80000)
  from space 512K, 100% used [0x00000000eb080000,0x00000000eb100000,0x00000000eb100000)
  to   space 2048K, 0% used [0x00000000eae80000,0x00000000eae80000,0x00000000eb080000)
 ParOldGen       total 178176K, used 178169K [0x00000000c0000000, 0x00000000cae00000, 0x00000000eab00000)
  object space 178176K, 99% used [0x00000000c0000000,0x00000000cadfe670,0x00000000cae00000)
 Metaspace       used 56489K, committed 57792K, reserved 1114112K
  class space    used 5853K, committed 6400K, reserved 1048576K
}
Event: 12.697 GC heap after
{Heap after GC invocations=111 (full 2):
 PSYoungGen      total 5120K, used 1027K [0x00000000eab00000, 0x00000000eb180000, 0x0000000100000000)
  eden space 3584K, 0% used [0x00000000eab00000,0x00000000eab00000,0x00000000eae80000)
  from space 1536K, 66% used [0x00000000eae80000,0x00000000eaf80e00,0x00000000eb000000)
  to   space 1536K, 0% used [0x00000000eb000000,0x00000000eb000000,0x00000000eb180000)
 ParOldGen       total 178688K, used 178665K [0x00000000c0000000, 0x00000000cae80000, 0x00000000eab00000)
  object space 178688K, 99% used [0x00000000c0000000,0x00000000cae7a610,0x00000000cae80000)
 Metaspace       used 56489K, committed 57792K, reserved 1114112K
  class space    used 5853K, committed 6400K, reserved 1048576K
}
Event: 12.706 GC heap before
{Heap before GC invocations=112 (full 2):
 PSYoungGen      total 5120K, used 4611K [0x00000000eab00000, 0x00000000eb180000, 0x0000000100000000)
  eden space 3584K, 100% used [0x00000000eab00000,0x00000000eae80000,0x00000000eae80000)
  from space 1536K, 66% used [0x00000000eae80000,0x00000000eaf80e00,0x00000000eb000000)
  to   space 1536K, 0% used [0x00000000eb000000,0x00000000eb000000,0x00000000eb180000)
 ParOldGen       total 178688K, used 178665K [0x00000000c0000000, 0x00000000cae80000, 0x00000000eab00000)
  object space 178688K, 99% used [0x00000000c0000000,0x00000000cae7a610,0x00000000cae80000)
 Metaspace       used 56524K, committed 57856K, reserved 1114112K
  class space    used 5854K, committed 6400K, reserved 1048576K
}
Event: 12.707 GC heap after
{Heap after GC invocations=112 (full 2):
 PSYoungGen      total 5120K, used 1142K [0x00000000eab00000, 0x00000000eb180000, 0x0000000100000000)
  eden space 3584K, 0% used [0x00000000eab00000,0x00000000eab00000,0x00000000eae80000)
  from space 1536K, 74% used [0x00000000eb000000,0x00000000eb11d960,0x00000000eb180000)
  to   space 1536K, 0% used [0x00000000eae80000,0x00000000eae80000,0x00000000eb000000)
 ParOldGen       total 179712K, used 179456K [0x00000000c0000000, 0x00000000caf80000, 0x00000000eab00000)
  object space 179712K, 99% used [0x00000000c0000000,0x00000000caf40220,0x00000000caf80000)
 Metaspace       used 56524K, committed 57856K, reserved 1114112K
  class space    used 5854K, committed 6400K, reserved 1048576K
}
Event: 12.716 GC heap before
{Heap before GC invocations=113 (full 2):
 PSYoungGen      total 5120K, used 4726K [0x00000000eab00000, 0x00000000eb180000, 0x0000000100000000)
  eden space 3584K, 100% used [0x00000000eab00000,0x00000000eae80000,0x00000000eae80000)
  from space 1536K, 74% used [0x00000000eb000000,0x00000000eb11d960,0x00000000eb180000)
  to   space 1536K, 0% used [0x00000000eae80000,0x00000000eae80000,0x00000000eb000000)
 ParOldGen       total 179712K, used 179456K [0x00000000c0000000, 0x00000000caf80000, 0x00000000eab00000)
  object space 179712K, 99% used [0x00000000c0000000,0x00000000caf40220,0x00000000caf80000)
 Metaspace       used 56528K, committed 57856K, reserved 1114112K
  class space    used 5854K, committed 6400K, reserved 1048576K
}
Event: 12.717 GC heap after
{Heap after GC invocations=113 (full 2):
 PSYoungGen      total 5120K, used 1087K [0x00000000eab00000, 0x00000000eb180000, 0x0000000100000000)
  eden space 3584K, 0% used [0x00000000eab00000,0x00000000eab00000,0x00000000eae80000)
  from space 1536K, 70% used [0x00000000eae80000,0x00000000eaf8fee8,0x00000000eb000000)
  to   space 1536K, 0% used [0x00000000eb000000,0x00000000eb000000,0x00000000eb180000)
 ParOldGen       total 180736K, used 180276K [0x00000000c0000000, 0x00000000cb080000, 0x00000000eab00000)
  object space 180736K, 99% used [0x00000000c0000000,0x00000000cb00d0b8,0x00000000cb080000)
 Metaspace       used 56528K, committed 57856K, reserved 1114112K
  class space    used 5854K, committed 6400K, reserved 1048576K
}
Event: 12.730 GC heap before
{Heap before GC invocations=114 (full 2):
 PSYoungGen      total 5120K, used 4671K [0x00000000eab00000, 0x00000000eb180000, 0x0000000100000000)
  eden space 3584K, 100% used [0x00000000eab00000,0x00000000eae80000,0x00000000eae80000)
  from space 1536K, 70% used [0x00000000eae80000,0x00000000eaf8fee8,0x00000000eb000000)
  to   space 1536K, 0% used [0x00000000eb000000,0x00000000eb000000,0x00000000eb180000)
 ParOldGen       total 180736K, used 180276K [0x00000000c0000000, 0x00000000cb080000, 0x00000000eab00000)
  object space 180736K, 99% used [0x00000000c0000000,0x00000000cb00d0b8,0x00000000cb080000)
 Metaspace       used 56528K, committed 57856K, reserved 1114112K
  class space    used 5854K, committed 6400K, reserved 1048576K
}
Event: 12.731 GC heap after
{Heap after GC invocations=114 (full 2):
 PSYoungGen      total 5120K, used 1060K [0x00000000eab00000, 0x00000000eb180000, 0x0000000100000000)
  eden space 3584K, 0% used [0x00000000eab00000,0x00000000eab00000,0x00000000eae80000)
  from space 1536K, 69% used [0x00000000eb000000,0x00000000eb109310,0x00000000eb180000)
  to   space 1536K, 0% used [0x00000000eae80000,0x00000000eae80000,0x00000000eb000000)
 ParOldGen       total 181248K, used 181203K [0x00000000c0000000, 0x00000000cb100000, 0x00000000eab00000)
  object space 181248K, 99% used [0x00000000c0000000,0x00000000cb0f4ef8,0x00000000cb100000)
 Metaspace       used 56528K, committed 57856K, reserved 1114112K
  class space    used 5854K, committed 6400K, reserved 1048576K
}
Event: 12.741 GC heap before
{Heap before GC invocations=115 (full 2):
 PSYoungGen      total 5120K, used 4644K [0x00000000eab00000, 0x00000000eb180000, 0x0000000100000000)
  eden space 3584K, 100% used [0x00000000eab00000,0x00000000eae80000,0x00000000eae80000)
  from space 1536K, 69% used [0x00000000eb000000,0x00000000eb109310,0x00000000eb180000)
  to   space 1536K, 0% used [0x00000000eae80000,0x00000000eae80000,0x00000000eb000000)
 ParOldGen       total 181248K, used 181203K [0x00000000c0000000, 0x00000000cb100000, 0x00000000eab00000)
  object space 181248K, 99% used [0x00000000c0000000,0x00000000cb0f4ef8,0x00000000cb100000)
 Metaspace       used 56528K, committed 57856K, reserved 1114112K
  class space    used 5854K, committed 6400K, reserved 1048576K
}
Event: 12.742 GC heap after
{Heap after GC invocations=115 (full 2):
 PSYoungGen      total 5120K, used 1083K [0x00000000eab00000, 0x00000000eb180000, 0x0000000100000000)
  eden space 3584K, 0% used [0x00000000eab00000,0x00000000eab00000,0x00000000eae80000)
  from space 1536K, 70% used [0x00000000eae80000,0x00000000eaf8eef0,0x00000000eb000000)
  to   space 1536K, 0% used [0x00000000eb000000,0x00000000eb000000,0x00000000eb180000)
 ParOldGen       total 182272K, used 182108K [0x00000000c0000000, 0x00000000cb200000, 0x00000000eab00000)
  object space 182272K, 99% used [0x00000000c0000000,0x00000000cb1d7180,0x00000000cb200000)
 Metaspace       used 56528K, committed 57856K, reserved 1114112K
  class space    used 5854K, committed 6400K, reserved 1048576K
}
Event: 12.753 GC heap before
{Heap before GC invocations=116 (full 2):
 PSYoungGen      total 5120K, used 4667K [0x00000000eab00000, 0x00000000eb180000, 0x0000000100000000)
  eden space 3584K, 100% used [0x00000000eab00000,0x00000000eae80000,0x00000000eae80000)
  from space 1536K, 70% used [0x00000000eae80000,0x00000000eaf8eef0,0x00000000eb000000)
  to   space 1536K, 0% used [0x00000000eb000000,0x00000000eb000000,0x00000000eb180000)
 ParOldGen       total 182272K, used 182108K [0x00000000c0000000, 0x00000000cb200000, 0x00000000eab00000)
  object space 182272K, 99% used [0x00000000c0000000,0x00000000cb1d7180,0x00000000cb200000)
 Metaspace       used 56528K, committed 57856K, reserved 1114112K
  class space    used 5854K, committed 6400K, reserved 1048576K
}
Event: 12.754 GC heap after
{Heap after GC invocations=116 (full 2):
 PSYoungGen      total 5120K, used 1038K [0x00000000eab00000, 0x00000000eb180000, 0x0000000100000000)
  eden space 3584K, 0% used [0x00000000eab00000,0x00000000eab00000,0x00000000eae80000)
  from space 1536K, 67% used [0x00000000eb000000,0x00000000eb103988,0x00000000eb180000)
  to   space 1536K, 0% used [0x00000000eae80000,0x00000000eae80000,0x00000000eb000000)
 ParOldGen       total 183296K, used 183071K [0x00000000c0000000, 0x00000000cb300000, 0x00000000eab00000)
  object space 183296K, 99% used [0x00000000c0000000,0x00000000cb2c7cc0,0x00000000cb300000)
 Metaspace       used 56528K, committed 57856K, reserved 1114112K
  class space    used 5854K, committed 6400K, reserved 1048576K
}
Event: 12.767 GC heap before
{Heap before GC invocations=117 (full 2):
 PSYoungGen      total 5120K, used 4622K [0x00000000eab00000, 0x00000000eb180000, 0x0000000100000000)
  eden space 3584K, 100% used [0x00000000eab00000,0x00000000eae80000,0x00000000eae80000)
  from space 1536K, 67% used [0x00000000eb000000,0x00000000eb103988,0x00000000eb180000)
  to   space 1536K, 0% used [0x00000000eae80000,0x00000000eae80000,0x00000000eb000000)
 ParOldGen       total 183296K, used 183071K [0x00000000c0000000, 0x00000000cb300000, 0x00000000eab00000)
  object space 183296K, 99% used [0x00000000c0000000,0x00000000cb2c7cc0,0x00000000cb300000)
 Metaspace       used 56528K, committed 57856K, reserved 1114112K
  class space    used 5854K, committed 6400K, reserved 1048576K
}
Event: 13.783 GC heap after
{Heap after GC invocations=117 (full 2):
 PSYoungGen      total 5120K, used 1053K [0x00000000eab00000, 0x00000000eb280000, 0x0000000100000000)
  eden space 3584K, 0% used [0x00000000eab00000,0x00000000eab00000,0x00000000eae80000)
  from space 1536K, 68% used [0x00000000eae80000,0x00000000eaf87590,0x00000000eb000000)
  to   space 1536K, 0% used [0x00000000eb100000,0x00000000eb100000,0x00000000eb280000)
 ParOldGen       total 184320K, used 183982K [0x00000000c0000000, 0x00000000cb400000, 0x00000000eab00000)
  object space 184320K, 99% used [0x00000000c0000000,0x00000000cb3abba0,0x00000000cb400000)
 Metaspace       used 56528K, committed 57856K, reserved 1114112K
  class space    used 5854K, committed 6400K, reserved 1048576K
}
Event: 14.800 GC heap before
{Heap before GC invocations=118 (full 2):
 PSYoungGen      total 5120K, used 4637K [0x00000000eab00000, 0x00000000eb280000, 0x0000000100000000)
  eden space 3584K, 100% used [0x00000000eab00000,0x00000000eae80000,0x00000000eae80000)
  from space 1536K, 68% used [0x00000000eae80000,0x00000000eaf87590,0x00000000eb000000)
  to   space 1536K, 0% used [0x00000000eb100000,0x00000000eb100000,0x00000000eb280000)
 ParOldGen       total 184320K, used 183982K [0x00000000c0000000, 0x00000000cb400000, 0x00000000eab00000)
  object space 184320K, 99% used [0x00000000c0000000,0x00000000cb3abba0,0x00000000cb400000)
 Metaspace       used 56529K, committed 57856K, reserved 1114112K
  class space    used 5854K, committed 6400K, reserved 1048576K
}

